Using pre-set license
Built from '2020.3/release' branch; Version is '2020.3.2f1 (8fd9074bf66c) revision 9427207'; Using compiler version '192528614'; Build Type 'Release'
OS: 'Windows 10 Home; OS build 18363.1440; Version 1909; 64bit' Language: 'en' Physical Memory: 32719 MB
BatchMode: 1, IsHumanControllingUs: 0, StartBugReporterOnCrash: 0, Is64bit: 1, IsPro: 0

 COMMAND LINE ARGUMENTS:
C:\Program Files\Unity\Hub\Editor\2020.3.2f1\Editor\Unity.exe
-adb2
-batchMode
-noUpm
-name
AssetImportWorker0
-projectPath
C:/Users/mccon/OneDrive/Documents/GitHub/Final-Year-Project/FYP
-logFile
Logs/AssetImportWorker0.log
-srvPort
49843
Successfully changed project path to: C:/Users/mccon/OneDrive/Documents/GitHub/Final-Year-Project/FYP
C:/Users/mccon/OneDrive/Documents/GitHub/Final-Year-Project/FYP
Using Asset Import Pipeline V2.
Refreshing native plugins compatible for Editor in 58.56 ms, found 0 plugins.
Preloading 0 native plugins for Editor in 0.00 ms.
Initialize engine version: 2020.3.2f1 (8fd9074bf66c)
[Subsystems] Discovering subsystems at path C:/Program Files/Unity/Hub/Editor/2020.3.2f1/Editor/Data/Resources/UnitySubsystems
[Subsystems] Discovering subsystems at path C:/Users/mccon/OneDrive/Documents/GitHub/Final-Year-Project/FYP/Assets
GfxDevice: creating device client; threaded=0
Direct3D:
    Version:  Direct3D 11.0 [level 11.1]
    Renderer: Radeon RX 580 Series (ID=0x67df)
    Vendor:   
    VRAM:     8171 MB
    Driver:   27.20.14501.28009
Shader 'Universal Render Pipeline/Particles/Lit': fallback shader 'Universal Render Pipeline/Particles/SimpleLit' not found
Initialize mono
Mono path[0] = 'C:/Program Files/Unity/Hub/Editor/2020.3.2f1/Editor/Data/Managed'
Mono path[1] = 'C:/Program Files/Unity/Hub/Editor/2020.3.2f1/Editor/Data/MonoBleedingEdge/lib/mono/unityjit'
Mono config path = 'C:/Program Files/Unity/Hub/Editor/2020.3.2f1/Editor/Data/MonoBleedingEdge/etc'
Using monoOptions --debugger-agent=transport=dt_socket,embedding=1,server=y,suspend=n,address=127.0.0.1:56244
Begin MonoManager ReloadAssembly
Registering precompiled unity dll's ...
Register platform support module: C:/Program Files/Unity/Hub/Editor/2020.3.2f1/Editor/Data/PlaybackEngines/WebGLSupport/UnityEditor.WebGL.Extensions.dll
Register platform support module: C:/Program Files/Unity/Hub/Editor/2020.3.2f1/Editor/Data/PlaybackEngines/WindowsStandaloneSupport/UnityEditor.WindowsStandalone.Extensions.dll
Registered in 0.002942 seconds.
Native extension for WindowsStandalone target not found
Native extension for WebGL target not found
Refreshing native plugins compatible for Editor in 58.00 ms, found 0 plugins.
Preloading 0 native plugins for Editor in 0.00 ms.
Invoked RoslynAnalysisRunner static constructor.
RoslynAnalysisRunner will not be running.
RoslynAnalysisRunner has terminated.
Mono: successfully reloaded assembly
- Completed reload, in  1.340 seconds
Platform modules already initialized, skipping
Registering precompiled user dll's ...
Registered in 0.001728 seconds.
Begin MonoManager ReloadAssembly
Native extension for WindowsStandalone target not found
Native extension for WebGL target not found
Refreshing native plugins compatible for Editor in 59.14 ms, found 0 plugins.
Preloading 0 native plugins for Editor in 0.00 ms.
Invoked RoslynAnalysisRunner static constructor.
RoslynAnalysisRunner will not be running.
RoslynAnalysisRunner has terminated.
Mono: successfully reloaded assembly
- Completed reload, in  1.095 seconds
Platform modules already initialized, skipping
========================================================================
Worker process is ready to serve import requests
Shader 'Universal Render Pipeline/Particles/Lit': fallback shader 'Universal Render Pipeline/Particles/SimpleLit' not found
Launched and connected shader compiler UnityShaderCompiler.exe after 0.06 seconds
Refreshing native plugins compatible for Editor in 0.54 ms, found 0 plugins.
Preloading 0 native plugins for Editor in 0.00 ms.
Unloading 2690 Unused Serialized files (Serialized files now loaded: 0)
System memory in use before: 126.9 MB.
System memory in use after: 127.1 MB.

Unloading 14 unused Assets to reduce memory usage. Loaded Objects now: 3138.
Total: 2.536500 ms (FindLiveObjects: 0.309300 ms CreateObjectMapping: 0.073800 ms MarkObjects: 2.071900 ms  DeleteObjects: 0.080400 ms)

========================================================================
Received Import Request.
  path: Assets/Prefabs/Player Manager.prefab
  artifactKey: Guid(baa99c76366aec044a70d3cf84b5b17d) Importer(815301076,1909f56bfc062723c751e8b465ee728b)
Start importing Assets/Prefabs/Player Manager.prefab using Guid(baa99c76366aec044a70d3cf84b5b17d) Importer(815301076,1909f56bfc062723c751e8b465ee728b)  -> (artifact id: 'b611dca1b8a62474cc7160bf9030f888') in 0.289738 seconds
  Import took 0.296042 seconds .

========================================================================
Received Prepare
Registering precompiled user dll's ...
Registered in 0.001800 seconds.
Begin MonoManager ReloadAssembly
Native extension for WindowsStandalone target not found
Native extension for WebGL target not found
Refreshing native plugins compatible for Editor in 0.56 ms, found 0 plugins.
Preloading 0 native plugins for Editor in 0.00 ms.
Invoked RoslynAnalysisRunner static constructor.
RoslynAnalysisRunner will not be running.
RoslynAnalysisRunner has terminated.
Mono: successfully reloaded assembly
- Completed reload, in  0.979 seconds
Platform modules already initialized, skipping
Shader 'Universal Render Pipeline/Particles/Lit': fallback shader 'Universal Render Pipeline/Particles/SimpleLit' not found
Refreshing native plugins compatible for Editor in 0.55 ms, found 0 plugins.
Preloading 0 native plugins for Editor in 0.00 ms.
Unloading 2585 Unused Serialized files (Serialized files now loaded: 0)
System memory in use before: 120.2 MB.
System memory in use after: 120.4 MB.

Unloading 6 unused Assets to reduce memory usage. Loaded Objects now: 3148.
Total: 2.647100 ms (FindLiveObjects: 0.322800 ms CreateObjectMapping: 0.087800 ms MarkObjects: 2.210200 ms  DeleteObjects: 0.025100 ms)

========================================================================
Received Prepare
Registering precompiled user dll's ...
Registered in 0.002394 seconds.
Begin MonoManager ReloadAssembly
Native extension for WindowsStandalone target not found
Native extension for WebGL target not found
Refreshing native plugins compatible for Editor in 0.60 ms, found 0 plugins.
Preloading 0 native plugins for Editor in 0.00 ms.
Invoked RoslynAnalysisRunner static constructor.
RoslynAnalysisRunner will not be running.
RoslynAnalysisRunner has terminated.
Mono: successfully reloaded assembly
- Completed reload, in  1.060 seconds
Platform modules already initialized, skipping
Shader 'Universal Render Pipeline/Particles/Lit': fallback shader 'Universal Render Pipeline/Particles/SimpleLit' not found
Refreshing native plugins compatible for Editor in 0.84 ms, found 0 plugins.
Preloading 0 native plugins for Editor in 0.00 ms.
Unloading 2585 Unused Serialized files (Serialized files now loaded: 0)
System memory in use before: 120.2 MB.
System memory in use after: 120.4 MB.

Unloading 5 unused Assets to reduce memory usage. Loaded Objects now: 3151.
Total: 3.251100 ms (FindLiveObjects: 0.297700 ms CreateObjectMapping: 0.084000 ms MarkObjects: 2.845800 ms  DeleteObjects: 0.022300 ms)

========================================================================
Received Import Request.
  Time since last request: 522.843250 seconds.
  path: Assets/xml/dialogues.xml
  artifactKey: Guid(475344995cb0cec4f8974e4621acc5b1) Importer(815301076,1909f56bfc062723c751e8b465ee728b)
Start importing Assets/xml/dialogues.xml using Guid(475344995cb0cec4f8974e4621acc5b1) Importer(815301076,1909f56bfc062723c751e8b465ee728b)  -> (artifact id: '00c8858e9fbccbd28866adcd8cc63705') in 0.036797 seconds
  Import took 0.042008 seconds .

========================================================================
Received Prepare
Registering precompiled user dll's ...
Registered in 0.002047 seconds.
Begin MonoManager ReloadAssembly
Native extension for WindowsStandalone target not found
Native extension for WebGL target not found
Refreshing native plugins compatible for Editor in 0.58 ms, found 0 plugins.
Preloading 0 native plugins for Editor in 0.00 ms.
Invoked RoslynAnalysisRunner static constructor.
RoslynAnalysisRunner will not be running.
RoslynAnalysisRunner has terminated.
Mono: successfully reloaded assembly
- Completed reload, in  1.064 seconds
Platform modules already initialized, skipping
Shader 'Universal Render Pipeline/Particles/Lit': fallback shader 'Universal Render Pipeline/Particles/SimpleLit' not found
Refreshing native plugins compatible for Editor in 0.62 ms, found 0 plugins.
Preloading 0 native plugins for Editor in 0.00 ms.
Unloading 2585 Unused Serialized files (Serialized files now loaded: 0)
System memory in use before: 120.3 MB.
System memory in use after: 120.5 MB.

Unloading 5 unused Assets to reduce memory usage. Loaded Objects now: 3154.
Total: 2.695500 ms (FindLiveObjects: 0.397500 ms CreateObjectMapping: 0.122100 ms MarkObjects: 2.156900 ms  DeleteObjects: 0.017600 ms)

========================================================================
Received Prepare
Registering precompiled user dll's ...
Registered in 0.002005 seconds.
Begin MonoManager ReloadAssembly
Native extension for WindowsStandalone target not found
Native extension for WebGL target not found
Refreshing native plugins compatible for Editor in 0.55 ms, found 0 plugins.
Preloading 0 native plugins for Editor in 0.00 ms.
Invoked RoslynAnalysisRunner static constructor.
RoslynAnalysisRunner will not be running.
RoslynAnalysisRunner has terminated.
Mono: successfully reloaded assembly
- Completed reload, in  0.975 seconds
Platform modules already initialized, skipping
Shader 'Universal Render Pipeline/Particles/Lit': fallback shader 'Universal Render Pipeline/Particles/SimpleLit' not found
Refreshing native plugins compatible for Editor in 0.55 ms, found 0 plugins.
Preloading 0 native plugins for Editor in 0.00 ms.
Unloading 2585 Unused Serialized files (Serialized files now loaded: 0)
System memory in use before: 120.3 MB.
System memory in use after: 120.5 MB.

Unloading 5 unused Assets to reduce memory usage. Loaded Objects now: 3157.
Total: 2.364500 ms (FindLiveObjects: 0.292200 ms CreateObjectMapping: 0.071800 ms MarkObjects: 1.984900 ms  DeleteObjects: 0.014400 ms)

========================================================================
Received Prepare
Registering precompiled user dll's ...
Registered in 0.001871 seconds.
Begin MonoManager ReloadAssembly
Native extension for WindowsStandalone target not found
Native extension for WebGL target not found
Refreshing native plugins compatible for Editor in 0.56 ms, found 0 plugins.
Preloading 0 native plugins for Editor in 0.00 ms.
Invoked RoslynAnalysisRunner static constructor.
RoslynAnalysisRunner will not be running.
RoslynAnalysisRunner has terminated.
Mono: successfully reloaded assembly
- Completed reload, in  0.974 seconds
Platform modules already initialized, skipping
Shader 'Universal Render Pipeline/Particles/Lit': fallback shader 'Universal Render Pipeline/Particles/SimpleLit' not found
Refreshing native plugins compatible for Editor in 0.55 ms, found 0 plugins.
Preloading 0 native plugins for Editor in 0.00 ms.
Unloading 2585 Unused Serialized files (Serialized files now loaded: 0)
System memory in use before: 120.3 MB.
System memory in use after: 120.5 MB.

Unloading 5 unused Assets to reduce memory usage. Loaded Objects now: 3160.
Total: 2.387000 ms (FindLiveObjects: 0.314900 ms CreateObjectMapping: 0.069300 ms MarkObjects: 1.986300 ms  DeleteObjects: 0.015400 ms)

========================================================================
Received Prepare
Registering precompiled user dll's ...
Registered in 0.001828 seconds.
Begin MonoManager ReloadAssembly
Native extension for WindowsStandalone target not found
Native extension for WebGL target not found
Refreshing native plugins compatible for Editor in 0.58 ms, found 0 plugins.
Preloading 0 native plugins for Editor in 0.00 ms.
Invoked RoslynAnalysisRunner static constructor.
RoslynAnalysisRunner will not be running.
RoslynAnalysisRunner has terminated.
Mono: successfully reloaded assembly
- Completed reload, in  0.995 seconds
Platform modules already initialized, skipping
Shader 'Universal Render Pipeline/Particles/Lit': fallback shader 'Universal Render Pipeline/Particles/SimpleLit' not found
Refreshing native plugins compatible for Editor in 0.55 ms, found 0 plugins.
Preloading 0 native plugins for Editor in 0.00 ms.
Unloading 2585 Unused Serialized files (Serialized files now loaded: 0)
System memory in use before: 120.3 MB.
System memory in use after: 120.5 MB.

Unloading 5 unused Assets to reduce memory usage. Loaded Objects now: 3163.
Total: 2.344600 ms (FindLiveObjects: 0.298200 ms CreateObjectMapping: 0.069400 ms MarkObjects: 1.960600 ms  DeleteObjects: 0.015400 ms)

========================================================================
Received Prepare
Registering precompiled user dll's ...
Registered in 0.001853 seconds.
Begin MonoManager ReloadAssembly
Native extension for WindowsStandalone target not found
Native extension for WebGL target not found
Refreshing native plugins compatible for Editor in 0.58 ms, found 0 plugins.
Preloading 0 native plugins for Editor in 0.00 ms.
Invoked RoslynAnalysisRunner static constructor.
RoslynAnalysisRunner will not be running.
RoslynAnalysisRunner has terminated.
Mono: successfully reloaded assembly
- Completed reload, in  0.987 seconds
Platform modules already initialized, skipping
Shader 'Universal Render Pipeline/Particles/Lit': fallback shader 'Universal Render Pipeline/Particles/SimpleLit' not found
Refreshing native plugins compatible for Editor in 0.56 ms, found 0 plugins.
Preloading 0 native plugins for Editor in 0.00 ms.
Unloading 2585 Unused Serialized files (Serialized files now loaded: 0)
System memory in use before: 120.3 MB.
System memory in use after: 120.5 MB.

Unloading 5 unused Assets to reduce memory usage. Loaded Objects now: 3166.
Total: 2.644900 ms (FindLiveObjects: 0.294300 ms CreateObjectMapping: 0.071000 ms MarkObjects: 2.261400 ms  DeleteObjects: 0.017000 ms)

========================================================================
Received Prepare
Registering precompiled user dll's ...
Registered in 0.001861 seconds.
Begin MonoManager ReloadAssembly
Native extension for WindowsStandalone target not found
Native extension for WebGL target not found
Refreshing native plugins compatible for Editor in 0.60 ms, found 0 plugins.
Preloading 0 native plugins for Editor in 0.00 ms.
Invoked RoslynAnalysisRunner static constructor.
RoslynAnalysisRunner will not be running.
RoslynAnalysisRunner has terminated.
Mono: successfully reloaded assembly
- Completed reload, in  0.994 seconds
Platform modules already initialized, skipping
Shader 'Universal Render Pipeline/Particles/Lit': fallback shader 'Universal Render Pipeline/Particles/SimpleLit' not found
Refreshing native plugins compatible for Editor in 0.56 ms, found 0 plugins.
Preloading 0 native plugins for Editor in 0.00 ms.
Unloading 2585 Unused Serialized files (Serialized files now loaded: 0)
System memory in use before: 120.3 MB.
System memory in use after: 120.5 MB.

Unloading 5 unused Assets to reduce memory usage. Loaded Objects now: 3169.
Total: 2.363400 ms (FindLiveObjects: 0.285800 ms CreateObjectMapping: 0.071000 ms MarkObjects: 1.990900 ms  DeleteObjects: 0.014400 ms)

========================================================================
Received Prepare
Registering precompiled user dll's ...
Registered in 0.002136 seconds.
Begin MonoManager ReloadAssembly
Native extension for WindowsStandalone target not found
Native extension for WebGL target not found
Refreshing native plugins compatible for Editor in 0.56 ms, found 0 plugins.
Preloading 0 native plugins for Editor in 0.00 ms.
Invoked RoslynAnalysisRunner static constructor.
RoslynAnalysisRunner will not be running.
RoslynAnalysisRunner has terminated.
Mono: successfully reloaded assembly
- Completed reload, in  0.987 seconds
Platform modules already initialized, skipping
Shader 'Universal Render Pipeline/Particles/Lit': fallback shader 'Universal Render Pipeline/Particles/SimpleLit' not found
Refreshing native plugins compatible for Editor in 0.55 ms, found 0 plugins.
Preloading 0 native plugins for Editor in 0.00 ms.
Unloading 2585 Unused Serialized files (Serialized files now loaded: 0)
System memory in use before: 120.3 MB.
System memory in use after: 120.5 MB.

Unloading 5 unused Assets to reduce memory usage. Loaded Objects now: 3172.
Total: 2.306600 ms (FindLiveObjects: 0.285500 ms CreateObjectMapping: 0.071400 ms MarkObjects: 1.934400 ms  DeleteObjects: 0.014400 ms)

========================================================================
Received Import Request.
  Time since last request: 2989.049397 seconds.
  path: Assets/_Scripts/Scriptable Objects/Enemy.cs
  artifactKey: Guid(e6fc087399c74b248b3bc7176b33fb7d) Importer(815301076,1909f56bfc062723c751e8b465ee728b)
Start importing Assets/_Scripts/Scriptable Objects/Enemy.cs using Guid(e6fc087399c74b248b3bc7176b33fb7d) Importer(815301076,1909f56bfc062723c751e8b465ee728b)  -> (artifact id: 'd11b001eb276adb80b60925293230398') in 0.024059 seconds
  Import took 0.029028 seconds .

========================================================================
Received Import Request.
  Time since last request: 0.006540 seconds.
  path: Assets/_Scripts/Scriptable Objects/Enemy.cs
  artifactKey: Guid(e6fc087399c74b248b3bc7176b33fb7d) Importer(815301076,1909f56bfc062723c751e8b465ee728b)
Start importing Assets/_Scripts/Scriptable Objects/Enemy.cs using Guid(e6fc087399c74b248b3bc7176b33fb7d) Importer(815301076,1909f56bfc062723c751e8b465ee728b)  -> (artifact id: 'd11b001eb276adb80b60925293230398') in 0.003839 seconds
  Import took 0.009089 seconds .

========================================================================
Received Import Request.
  Time since last request: 22.724356 seconds.
  path: Assets/_Scripts/Scriptable Objects/Items
  artifactKey: Guid(c6136c68a51daed40b7b32562874476f) Importer(815301076,1909f56bfc062723c751e8b465ee728b)
Start importing Assets/_Scripts/Scriptable Objects/Items using Guid(c6136c68a51daed40b7b32562874476f) Importer(815301076,1909f56bfc062723c751e8b465ee728b)  -> (artifact id: '43f4024e959eac4a2785ee40d3f1931a') in 0.006949 seconds
  Import took 0.011352 seconds .

========================================================================
Received Import Request.
  Time since last request: 1.056022 seconds.
  path: Assets/_Scripts/Scriptable Objects/Items/Weapons
  artifactKey: Guid(fe8f5df3923efea4fa411b0efa27c1bb) Importer(815301076,1909f56bfc062723c751e8b465ee728b)
Start importing Assets/_Scripts/Scriptable Objects/Items/Weapons using Guid(fe8f5df3923efea4fa411b0efa27c1bb) Importer(815301076,1909f56bfc062723c751e8b465ee728b)  -> (artifact id: 'c15ca33788c83dc2b9492f58a5c689d1') in 0.007013 seconds
  Import took 0.011388 seconds .

========================================================================
Received Import Request.
  Time since last request: 0.059141 seconds.
  path: Assets/_Scripts/Scriptable Objects/Items/Weapons/Claymore.asset
  artifactKey: Guid(ea1fc4440e7cfa14ba00c3e34046d0d5) Importer(815301076,1909f56bfc062723c751e8b465ee728b)
Start importing Assets/_Scripts/Scriptable Objects/Items/Weapons/Claymore.asset using Guid(ea1fc4440e7cfa14ba00c3e34046d0d5) Importer(815301076,1909f56bfc062723c751e8b465ee728b)  -> (artifact id: 'a884bd12af9ea2ad53a624986a7b8bf2') in 0.017421 seconds
  Import took 0.022710 seconds .

========================================================================
Received Import Request.
  Time since last request: 0.000212 seconds.
  path: Assets/_Scripts/Scriptable Objects/Items/Weapons/Cricket Bat.asset
  artifactKey: Guid(19abb988f6280224fa90ffc9d15c181b) Importer(815301076,1909f56bfc062723c751e8b465ee728b)
Start importing Assets/_Scripts/Scriptable Objects/Items/Weapons/Cricket Bat.asset using Guid(19abb988f6280224fa90ffc9d15c181b) Importer(815301076,1909f56bfc062723c751e8b465ee728b)  -> (artifact id: '7929ee8bba7084ffa04728d94a607485') in 0.011302 seconds
  Import took 0.015385 seconds .

========================================================================
Received Import Request.
  Time since last request: 0.000219 seconds.
  path: Assets/_Scripts/Scriptable Objects/Items/Weapons/Knife.asset
  artifactKey: Guid(d844b03fa3fe4704fa6cccdc8a11c924) Importer(815301076,1909f56bfc062723c751e8b465ee728b)
Start importing Assets/_Scripts/Scriptable Objects/Items/Weapons/Knife.asset using Guid(d844b03fa3fe4704fa6cccdc8a11c924) Importer(815301076,1909f56bfc062723c751e8b465ee728b)  -> (artifact id: 'b4f73bae0043949e740a899f92ec8d71') in 0.009753 seconds
  Import took 0.013856 seconds .

========================================================================
Received Import Request.
  Time since last request: 0.000211 seconds.
  path: Assets/_Scripts/Scriptable Objects/Items/Weapons/Crowbar.asset
  artifactKey: Guid(b1572a9009f031344a35be576af52273) Importer(815301076,1909f56bfc062723c751e8b465ee728b)
Start importing Assets/_Scripts/Scriptable Objects/Items/Weapons/Crowbar.asset using Guid(b1572a9009f031344a35be576af52273) Importer(815301076,1909f56bfc062723c751e8b465ee728b)  -> (artifact id: '077b45e3d00cc7766894e0141a6c3c64') in 0.010574 seconds
  Import took 0.014727 seconds .

========================================================================
Received Import Request.
  Time since last request: 0.000191 seconds.
  path: Assets/_Scripts/Scriptable Objects/Items/Weapons/Machete.asset
  artifactKey: Guid(87325730b7a82624cbc07f2bac704b10) Importer(815301076,1909f56bfc062723c751e8b465ee728b)
Start importing Assets/_Scripts/Scriptable Objects/Items/Weapons/Machete.asset using Guid(87325730b7a82624cbc07f2bac704b10) Importer(815301076,1909f56bfc062723c751e8b465ee728b)  -> (artifact id: '00e307bcadc3d428ad0585b4d4791fdd') in 0.010338 seconds
  Import took 0.014377 seconds .

========================================================================
Received Import Request.
  Time since last request: 0.000201 seconds.
  path: Assets/_Scripts/Scriptable Objects/Items/Weapons/Molotov.asset
  artifactKey: Guid(6caee8b6a7ed21649bf837ca37f7541f) Importer(815301076,1909f56bfc062723c751e8b465ee728b)
Start importing Assets/_Scripts/Scriptable Objects/Items/Weapons/Molotov.asset using Guid(6caee8b6a7ed21649bf837ca37f7541f) Importer(815301076,1909f56bfc062723c751e8b465ee728b)  -> (artifact id: '12b82be2ad5fe7989f07e34b3214151e') in 0.008755 seconds
  Import took 0.012733 seconds .

========================================================================
Received Import Request.
  Time since last request: 0.000194 seconds.
  path: Assets/_Scripts/Scriptable Objects/Items/Weapons/Police Baton.asset
  artifactKey: Guid(6e2816c4f32bfad4ab5725f1d07f4e31) Importer(815301076,1909f56bfc062723c751e8b465ee728b)
Start importing Assets/_Scripts/Scriptable Objects/Items/Weapons/Police Baton.asset using Guid(6e2816c4f32bfad4ab5725f1d07f4e31) Importer(815301076,1909f56bfc062723c751e8b465ee728b)  -> (artifact id: '763dc709d8b7a6d6c02d729566eb9d2c') in 0.010427 seconds
  Import took 0.014461 seconds .

========================================================================
Received Import Request.
  Time since last request: 12.791590 seconds.
  path: Assets/_Scripts/Scriptable Objects/Weapon.cs
  artifactKey: Guid(3fe635612cbf7534292811c9c7a7402b) Importer(815301076,1909f56bfc062723c751e8b465ee728b)
Start importing Assets/_Scripts/Scriptable Objects/Weapon.cs using Guid(3fe635612cbf7534292811c9c7a7402b) Importer(815301076,1909f56bfc062723c751e8b465ee728b)  -> (artifact id: '7a833906bb4b72679b60704c82088021') in 0.007955 seconds
  Import took 0.012277 seconds .

========================================================================
Received Import Request.
  Time since last request: 0.001327 seconds.
  path: Assets/_Scripts/Scriptable Objects/Weapon.cs
  artifactKey: Guid(3fe635612cbf7534292811c9c7a7402b) Importer(815301076,1909f56bfc062723c751e8b465ee728b)
Start importing Assets/_Scripts/Scriptable Objects/Weapon.cs using Guid(3fe635612cbf7534292811c9c7a7402b) Importer(815301076,1909f56bfc062723c751e8b465ee728b)  -> (artifact id: '7a833906bb4b72679b60704c82088021') in 0.003451 seconds
  Import took 0.007383 seconds .

========================================================================
Received Import Request.
  Time since last request: 3340.405539 seconds.
  path: Assets/Shaders/Tints/B&W.shader
  artifactKey: Guid(af239ffdd74902d45b8a026420320a32) Importer(815301076,1909f56bfc062723c751e8b465ee728b)
Start importing Assets/Shaders/Tints/B&W.shader using Guid(af239ffdd74902d45b8a026420320a32) Importer(815301076,1909f56bfc062723c751e8b465ee728b)  -> (artifact id: '3da041fc1422e9f2b8d0fb7be73fda9e') in 0.012444 seconds
  Import took 0.017086 seconds .

========================================================================
Received Prepare
Registering precompiled user dll's ...
Registered in 0.001944 seconds.
Begin MonoManager ReloadAssembly
Native extension for WindowsStandalone target not found
Native extension for WebGL target not found
Refreshing native plugins compatible for Editor in 0.74 ms, found 0 plugins.
Preloading 0 native plugins for Editor in 0.00 ms.
Invoked RoslynAnalysisRunner static constructor.
RoslynAnalysisRunner will not be running.
RoslynAnalysisRunner has terminated.
Mono: successfully reloaded assembly
- Completed reload, in  1.123 seconds
Platform modules already initialized, skipping
Shader 'Universal Render Pipeline/Particles/Lit': fallback shader 'Universal Render Pipeline/Particles/SimpleLit' not found
Refreshing native plugins compatible for Editor in 0.63 ms, found 0 plugins.
Preloading 0 native plugins for Editor in 0.00 ms.
Unloading 2585 Unused Serialized files (Serialized files now loaded: 0)
System memory in use before: 120.3 MB.
System memory in use after: 120.6 MB.

Unloading 5 unused Assets to reduce memory usage. Loaded Objects now: 3175.
Total: 3.627100 ms (FindLiveObjects: 0.508100 ms CreateObjectMapping: 0.138900 ms MarkObjects: 2.957700 ms  DeleteObjects: 0.020100 ms)

========================================================================
Received Prepare
Registering precompiled user dll's ...
Registered in 0.001984 seconds.
Begin MonoManager ReloadAssembly
Native extension for WindowsStandalone target not found
Native extension for WebGL target not found
Refreshing native plugins compatible for Editor in 0.56 ms, found 0 plugins.
Preloading 0 native plugins for Editor in 0.00 ms.
Invoked RoslynAnalysisRunner static constructor.
RoslynAnalysisRunner will not be running.
RoslynAnalysisRunner has terminated.
Mono: successfully reloaded assembly
- Completed reload, in  0.968 seconds
Platform modules already initialized, skipping
Shader 'Universal Render Pipeline/Particles/Lit': fallback shader 'Universal Render Pipeline/Particles/SimpleLit' not found
Refreshing native plugins compatible for Editor in 0.67 ms, found 0 plugins.
Preloading 0 native plugins for Editor in 0.00 ms.
Unloading 2585 Unused Serialized files (Serialized files now loaded: 0)
System memory in use before: 120.3 MB.
System memory in use after: 120.6 MB.

Unloading 5 unused Assets to reduce memory usage. Loaded Objects now: 3178.
Total: 2.333300 ms (FindLiveObjects: 0.316400 ms CreateObjectMapping: 0.070000 ms MarkObjects: 1.930200 ms  DeleteObjects: 0.015500 ms)

========================================================================
Received Prepare
Registering precompiled user dll's ...
Registered in 0.001802 seconds.
Begin MonoManager ReloadAssembly
Native extension for WindowsStandalone target not found
Native extension for WebGL target not found
Refreshing native plugins compatible for Editor in 0.88 ms, found 0 plugins.
Preloading 0 native plugins for Editor in 0.00 ms.
Invoked RoslynAnalysisRunner static constructor.
RoslynAnalysisRunner will not be running.
RoslynAnalysisRunner has terminated.
Mono: successfully reloaded assembly
- Completed reload, in  1.079 seconds
Platform modules already initialized, skipping
Shader 'Universal Render Pipeline/Particles/Lit': fallback shader 'Universal Render Pipeline/Particles/SimpleLit' not found
Refreshing native plugins compatible for Editor in 0.66 ms, found 0 plugins.
Preloading 0 native plugins for Editor in 0.00 ms.
Unloading 2585 Unused Serialized files (Serialized files now loaded: 0)
System memory in use before: 120.4 MB.
System memory in use after: 120.6 MB.

Unloading 5 unused Assets to reduce memory usage. Loaded Objects now: 3181.
Total: 2.835700 ms (FindLiveObjects: 0.339300 ms CreateObjectMapping: 0.077600 ms MarkObjects: 2.402000 ms  DeleteObjects: 0.014700 ms)

========================================================================
Received Import Request.
  Time since last request: 559.880197 seconds.
  path: Assets/_Scripts/EnemyStates.cs
  artifactKey: Guid(325e1b409910ca145a754b3c8bed0293) Importer(815301076,1909f56bfc062723c751e8b465ee728b)
Start importing Assets/_Scripts/EnemyStates.cs using Guid(325e1b409910ca145a754b3c8bed0293) Importer(815301076,1909f56bfc062723c751e8b465ee728b)  -> (artifact id: '65dcc086d2586c5dbf1ede020263f3c6') in 0.012763 seconds
  Import took 0.018031 seconds .

========================================================================
Received Import Request.
  Time since last request: 0.001456 seconds.
  path: Assets/_Scripts/EnemyStates.cs
  artifactKey: Guid(325e1b409910ca145a754b3c8bed0293) Importer(815301076,1909f56bfc062723c751e8b465ee728b)
Start importing Assets/_Scripts/EnemyStates.cs using Guid(325e1b409910ca145a754b3c8bed0293) Importer(815301076,1909f56bfc062723c751e8b465ee728b)  -> (artifact id: '65dcc086d2586c5dbf1ede020263f3c6') in 0.002853 seconds
  Import took 0.007701 seconds .

========================================================================
Received Prepare
Registering precompiled user dll's ...
Registered in 0.001873 seconds.
Begin MonoManager ReloadAssembly
Native extension for WindowsStandalone target not found
Native extension for WebGL target not found
Refreshing native plugins compatible for Editor in 0.58 ms, found 0 plugins.
Preloading 0 native plugins for Editor in 0.00 ms.
Invoked RoslynAnalysisRunner static constructor.
RoslynAnalysisRunner will not be running.
RoslynAnalysisRunner has terminated.
Mono: successfully reloaded assembly
- Completed reload, in  0.988 seconds
Platform modules already initialized, skipping
Shader 'Universal Render Pipeline/Particles/Lit': fallback shader 'Universal Render Pipeline/Particles/SimpleLit' not found
Refreshing native plugins compatible for Editor in 1.18 ms, found 0 plugins.
Preloading 0 native plugins for Editor in 0.00 ms.
Unloading 2585 Unused Serialized files (Serialized files now loaded: 0)
System memory in use before: 120.4 MB.
System memory in use after: 120.6 MB.

Unloading 5 unused Assets to reduce memory usage. Loaded Objects now: 3184.
Total: 3.092500 ms (FindLiveObjects: 0.396300 ms CreateObjectMapping: 0.091200 ms MarkObjects: 2.578700 ms  DeleteObjects: 0.024600 ms)

========================================================================
Received Prepare
Registering precompiled user dll's ...
Registered in 0.001845 seconds.
Begin MonoManager ReloadAssembly
Native extension for WindowsStandalone target not found
Native extension for WebGL target not found
Refreshing native plugins compatible for Editor in 0.76 ms, found 0 plugins.
Preloading 0 native plugins for Editor in 0.00 ms.
Invoked RoslynAnalysisRunner static constructor.
RoslynAnalysisRunner will not be running.
RoslynAnalysisRunner has terminated.
Mono: successfully reloaded assembly
- Completed reload, in  1.102 seconds
Platform modules already initialized, skipping
Shader 'Universal Render Pipeline/Particles/Lit': fallback shader 'Universal Render Pipeline/Particles/SimpleLit' not found
Refreshing native plugins compatible for Editor in 0.65 ms, found 0 plugins.
Preloading 0 native plugins for Editor in 0.00 ms.
Unloading 2585 Unused Serialized files (Serialized files now loaded: 0)
System memory in use before: 120.4 MB.
System memory in use after: 120.6 MB.

Unloading 5 unused Assets to reduce memory usage. Loaded Objects now: 3187.
Total: 3.970500 ms (FindLiveObjects: 0.990600 ms CreateObjectMapping: 0.393300 ms MarkObjects: 2.566800 ms  DeleteObjects: 0.017300 ms)

========================================================================
Received Prepare
Registering precompiled user dll's ...
Registered in 0.002112 seconds.
Begin MonoManager ReloadAssembly
Native extension for WindowsStandalone target not found
Native extension for WebGL target not found
Refreshing native plugins compatible for Editor in 0.60 ms, found 0 plugins.
Preloading 0 native plugins for Editor in 0.00 ms.
Invoked RoslynAnalysisRunner static constructor.
RoslynAnalysisRunner will not be running.
RoslynAnalysisRunner has terminated.
Mono: successfully reloaded assembly
- Completed reload, in  1.042 seconds
Platform modules already initialized, skipping
Shader 'Universal Render Pipeline/Particles/Lit': fallback shader 'Universal Render Pipeline/Particles/SimpleLit' not found
Refreshing native plugins compatible for Editor in 0.55 ms, found 0 plugins.
Preloading 0 native plugins for Editor in 0.00 ms.
Unloading 2585 Unused Serialized files (Serialized files now loaded: 0)
System memory in use before: 120.4 MB.
System memory in use after: 120.6 MB.

Unloading 5 unused Assets to reduce memory usage. Loaded Objects now: 3190.
Total: 2.387900 ms (FindLiveObjects: 0.327300 ms CreateObjectMapping: 0.073500 ms MarkObjects: 1.966200 ms  DeleteObjects: 0.019600 ms)

AssetImportWorkerClient::OnTransportError - code=2 error=End of file
